D:\Dorian's programs\Not a Program\Things\SYSC 2003\Quiz1P2.lst - generated by MGTEK Assembler ASM12 V1.26 Build 144 for WIN32 (x86) - Wed Jan 18 22:22:06 2017

    1:     0000 0001 007B              varA: dc.w 1,123
    2:                                 
    3:     0004 0001 0003              varB: dc.w 1,3
    4:                                 
    5:     0008 0001 0062              varC: dc.w 1,98
    6:                                 
    7:     000C +0002                  varD: ds.w 1
    8:                                 
    9:     000E 01 00                  overFlowFlag: dc.b 1, 0
   10:                                 
   11:                                 
   12:          =00004000                org     $4000
   13:                                 
   14:     4000                          START:
   15:                                 
   16:     4000 CC 0000                  LDD #varA
   17:     4003 C3 0004                  ADDD #varB
   18:                                 
   19:                                 
   20:     4006 28 08                    BVC skipOverFlow1
   21:                                 
   22:     4008 72 000E                  INC overFlowFlag
   23:                                 
   24:     400B 83 0008                  SUBD #varC
   25:                                 
   26:     400E 20 08                    BRA finish
   27:                                 
   28:     4010                          skipOverFlow1:
   29:                                 
   30:     4010 83 0008                  SUBD #varC
   31:                                 
   32:                                 
   33:                                 
   34:                                 
   35:     4013 28 03                    BVC skipOverFlow2
   36:                                 
   37:     4015 72 000E                  INC overFlowFlag
   38:                                 
   39:     4018                          skipOverFlow2:
   40:                                 
   41:                                 
   42:                                 
   43:     4018                          finish:
   44:                                 
   45:                                 
   46:     4018 5C 0C                    STD varD
   47:                                 
   48:                                 
   49:                                   END

Symbols:
finish                          *00004018
overflowflag                    *0000000e
skipoverflow1                   *00004010
skipoverflow2                   *00004018
vara                            *00000000
varb                            *00000004
varc                            *00000008
vard                            *0000000c

