D:\Dorian's programs\Not a Program\Things\SYSC 2003\Quiz1.lst - generated by MGTEK Assembler ASM12 V1.26 Build 144 for WIN32 (x86) - Wed Jan 18 22:07:34 2017

    1:                                 
    2:                                 
    3:     0000 01 7B                  varA: dc.b 1,123
    4:                                 
    5:     0002 01 03                  varB: dc.b 1,3
    6:                                 
    7:     0004 01 62                  varC: dc.b 1,98
    8:                                 
    9:     0006 +0001                  varD: ds.b 1
   10:                                 
   11:     0007 01                     overFlowFlag: dc.b 1
   12:                                 
   13:                                 
   14:          =00004000                org     $4000
   15:                                 
   16:     4000                          START:
   17:                                 
   18:     4000 86 00                    LDAA #varA
   19:     4002 8B 02                    ADDA #varB
   20:                                 
   21:                                 
   22:     4004 28 0B                    BVC skipOverFlow1
   23:                                 
   24:     4006 C6 07                     LDAB #overFlowFlag
   25:     4008 52                       INCB 
   26:     4009 5B 07                    STAB overFlowFlag
   27:                                 
   28:     400B C6 04                    LDAB #varC
   29:     400D 1816                     SBA 
   30:                                 
   31:     400F 20 0B                    BRA finish
   32:                                 
   33:     4011                          skipOverFlow1:
   34:                                 
   35:     4011 C6 04                    LDAB #varC
   36:     4013 1816                     SBA 
   37:                                 
   38:                                 
   39:                                 
   40:                                 
   41:     4015 28 05                    BVC skipOverFlow2
   42:                                 
   43:     4017 C6 07                     LDAB #overFlowFlag
   44:     4019 52                       INCB 
   45:     401A 5B 07                    STAB overFlowFlag
   46:                                 
   47:     401C                          skipOverFlow2:
   48:                                 
   49:                                 
   50:                                 
   51:     401C                          finish:
   52:                                 
   53:                                 
   54:     401C 5A 06                    STAA varD
   55:                                 
   56:                                 
   57:                                   END

Symbols:
finish                          *0000401c
overflowflag                    *00000007
skipoverflow1                   *00004011
skipoverflow2                   *0000401c
vara                            *00000000
varb                            *00000002
varc                            *00000004
vard                            *00000006

